<?xml version="1.0" encoding="UTF-8"?>
<testng-results ignored="0" total="1" passed="1" failed="0" skipped="0">
  <reporter-output>
  </reporter-output>
  <suite started-at="2024-05-09T06:59:57 GMT-07:00" name="Default suite" finished-at="2024-05-09T07:01:08 GMT-07:00" duration-ms="70227">
    <groups>
    </groups>
    <test started-at="2024-05-09T06:59:57 GMT-07:00" name="Default test" finished-at="2024-05-09T07:01:08 GMT-07:00" duration-ms="70227">
      <class name="appiumtrainingautomation.MobileBrowserTest">
        <test-method is-config="true" signature="configureAppium()[pri:0, instance:appiumtrainingautomation.MobileBrowserTest@29215f06]" started-at="2024-05-09T06:59:57 GMT-07:00" name="configureAppium" finished-at="2024-05-09T07:00:25 GMT-07:00" duration-ms="27090" status="PASS">
          <reporter-output>
          </reporter-output>
        </test-method> <!-- configureAppium -->
        <test-method signature="browserTest()[pri:0, instance:appiumtrainingautomation.MobileBrowserTest@29215f06]" started-at="2024-05-09T07:00:25 GMT-07:00" name="browserTest" finished-at="2024-05-09T07:01:06 GMT-07:00" duration-ms="41110" status="PASS">
          <reporter-output>
          </reporter-output>
        </test-method> <!-- browserTest -->
        <test-method is-config="true" signature="tearDown()[pri:0, instance:appiumtrainingautomation.MobileBrowserTest@29215f06]" started-at="2024-05-09T07:01:06 GMT-07:00" name="tearDown" finished-at="2024-05-09T07:01:08 GMT-07:00" duration-ms="1943" status="PASS">
          <reporter-output>
          </reporter-output>
        </test-method> <!-- tearDown -->
      </class> <!-- appiumtrainingautomation.MobileBrowserTest -->
    </test> <!-- Default test -->
  </suite> <!-- Default suite -->
</testng-results>
